<?xml version="1.0" encoding="UTF-8"?>
<!-- Generated by org.testng.reporters.JUnitReportReporter -->
<testsuite skipped="0" hostname="test-PC" name="thingblu.TestsCasesManager.Mngr_VerifyAddNewStrain" tests="1" failures="0" timestamp="31 Aug 2018 10:27:32 GMT" time="28.269" errors="0">
  <testcase name="addAddNewStrainAndValidateStatus" time="28.269" classname="thingblu.TestsCasesManager.Mngr_VerifyAddNewStrain"/>
</testsuite> <!-- thingblu.TestsCasesManager.Mngr_VerifyAddNewStrain -->
